::1 - - [Tue, 04 Apr 2017 02:31:47 GMT] "GET / HTTP/1.1" 304 - "-" "Mozilla/5.0 (Macintosh; Intel Mac OS X 10.12; rv:52.0) Gecko/20100101 Firefox/52.0"
::1 - - [Tue, 04 Apr 2017 02:31:47 GMT] "GET /stylesheets/style.css HTTP/1.1" 304 - "http://localhost:3000/" "Mozilla/5.0 (Macintosh; Intel Mac OS X 10.12; rv:52.0) Gecko/20100101 Firefox/52.0"
::1 - - [Tue, 04 Apr 2017 02:31:47 GMT] "GET /stylesheets/bootstrap.css HTTP/1.1" 304 - "http://localhost:3000/" "Mozilla/5.0 (Macintosh; Intel Mac OS X 10.12; rv:52.0) Gecko/20100101 Firefox/52.0"
::1 - - [Tue, 04 Apr 2017 02:31:47 GMT] "GET /javascripts/jquery.js HTTP/1.1" 304 - "http://localhost:3000/" "Mozilla/5.0 (Macintosh; Intel Mac OS X 10.12; rv:52.0) Gecko/20100101 Firefox/52.0"
::1 - - [Tue, 04 Apr 2017 02:31:47 GMT] "GET /javascripts/bootstrap.js HTTP/1.1" 304 - "http://localhost:3000/" "Mozilla/5.0 (Macintosh; Intel Mac OS X 10.12; rv:52.0) Gecko/20100101 Firefox/52.0"
::1 - - [Tue, 04 Apr 2017 02:31:47 GMT] "GET /img/glyphicons-halflings-white.png HTTP/1.1" 304 - "http://localhost:3000/stylesheets/bootstrap.css" "Mozilla/5.0 (Macintosh; Intel Mac OS X 10.12; rv:52.0) Gecko/20100101 Firefox/52.0"
::1 - - [Tue, 04 Apr 2017 02:31:54 GMT] "POST /post HTTP/1.1" 302 54 "http://localhost:3000/" "Mozilla/5.0 (Macintosh; Intel Mac OS X 10.12; rv:52.0) Gecko/20100101 Firefox/52.0"
::1 - - [Tue, 04 Apr 2017 02:31:54 GMT] "GET /u/aa HTTP/1.1" 200 3577 "http://localhost:3000/" "Mozilla/5.0 (Macintosh; Intel Mac OS X 10.12; rv:52.0) Gecko/20100101 Firefox/52.0"
::1 - - [Tue, 04 Apr 2017 02:31:54 GMT] "GET /stylesheets/style.css HTTP/1.1" 304 - "http://localhost:3000/u/aa" "Mozilla/5.0 (Macintosh; Intel Mac OS X 10.12; rv:52.0) Gecko/20100101 Firefox/52.0"
::1 - - [Tue, 04 Apr 2017 02:31:54 GMT] "GET /stylesheets/bootstrap.css HTTP/1.1" 304 - "http://localhost:3000/u/aa" "Mozilla/5.0 (Macintosh; Intel Mac OS X 10.12; rv:52.0) Gecko/20100101 Firefox/52.0"
::1 - - [Tue, 04 Apr 2017 02:31:54 GMT] "GET /javascripts/jquery.js HTTP/1.1" 304 - "http://localhost:3000/u/aa" "Mozilla/5.0 (Macintosh; Intel Mac OS X 10.12; rv:52.0) Gecko/20100101 Firefox/52.0"
::1 - - [Tue, 04 Apr 2017 02:31:54 GMT] "GET /javascripts/bootstrap.js HTTP/1.1" 304 - "http://localhost:3000/u/aa" "Mozilla/5.0 (Macintosh; Intel Mac OS X 10.12; rv:52.0) Gecko/20100101 Firefox/52.0"
::1 - - [Tue, 04 Apr 2017 02:31:54 GMT] "GET /img/glyphicons-halflings-white.png HTTP/1.1" 304 - "http://localhost:3000/stylesheets/bootstrap.css" "Mozilla/5.0 (Macintosh; Intel Mac OS X 10.12; rv:52.0) Gecko/20100101 Firefox/52.0"
::1 - - [Tue, 04 Apr 2017 02:32:54 GMT] "GET /u/aa HTTP/1.1" 200 3506 "http://localhost:3000/" "Mozilla/5.0 (Macintosh; Intel Mac OS X 10.12; rv:52.0) Gecko/20100101 Firefox/52.0"
::1 - - [Tue, 04 Apr 2017 02:32:54 GMT] "GET /stylesheets/style.css HTTP/1.1" 304 - "http://localhost:3000/u/aa" "Mozilla/5.0 (Macintosh; Intel Mac OS X 10.12; rv:52.0) Gecko/20100101 Firefox/52.0"
::1 - - [Tue, 04 Apr 2017 02:32:54 GMT] "GET /stylesheets/bootstrap.css HTTP/1.1" 304 - "http://localhost:3000/u/aa" "Mozilla/5.0 (Macintosh; Intel Mac OS X 10.12; rv:52.0) Gecko/20100101 Firefox/52.0"
::1 - - [Tue, 04 Apr 2017 02:32:54 GMT] "GET /javascripts/jquery.js HTTP/1.1" 304 - "http://localhost:3000/u/aa" "Mozilla/5.0 (Macintosh; Intel Mac OS X 10.12; rv:52.0) Gecko/20100101 Firefox/52.0"
::1 - - [Tue, 04 Apr 2017 02:32:54 GMT] "GET /javascripts/bootstrap.js HTTP/1.1" 304 - "http://localhost:3000/u/aa" "Mozilla/5.0 (Macintosh; Intel Mac OS X 10.12; rv:52.0) Gecko/20100101 Firefox/52.0"
::1 - - [Tue, 04 Apr 2017 02:32:54 GMT] "GET /img/glyphicons-halflings-white.png HTTP/1.1" 304 - "http://localhost:3000/stylesheets/bootstrap.css" "Mozilla/5.0 (Macintosh; Intel Mac OS X 10.12; rv:52.0) Gecko/20100101 Firefox/52.0"
::1 - - [Tue, 04 Apr 2017 02:32:58 GMT] "POST /post HTTP/1.1" 302 54 "http://localhost:3000/u/aa" "Mozilla/5.0 (Macintosh; Intel Mac OS X 10.12; rv:52.0) Gecko/20100101 Firefox/52.0"
::1 - - [Tue, 04 Apr 2017 02:32:58 GMT] "GET /u/aa HTTP/1.1" 200 3771 "http://localhost:3000/u/aa" "Mozilla/5.0 (Macintosh; Intel Mac OS X 10.12; rv:52.0) Gecko/20100101 Firefox/52.0"
::1 - - [Tue, 04 Apr 2017 02:32:58 GMT] "GET /stylesheets/style.css HTTP/1.1" 304 - "http://localhost:3000/u/aa" "Mozilla/5.0 (Macintosh; Intel Mac OS X 10.12; rv:52.0) Gecko/20100101 Firefox/52.0"
::1 - - [Tue, 04 Apr 2017 02:32:58 GMT] "GET /stylesheets/bootstrap.css HTTP/1.1" 304 - "http://localhost:3000/u/aa" "Mozilla/5.0 (Macintosh; Intel Mac OS X 10.12; rv:52.0) Gecko/20100101 Firefox/52.0"
::1 - - [Tue, 04 Apr 2017 02:32:58 GMT] "GET /javascripts/jquery.js HTTP/1.1" 304 - "http://localhost:3000/u/aa" "Mozilla/5.0 (Macintosh; Intel Mac OS X 10.12; rv:52.0) Gecko/20100101 Firefox/52.0"
::1 - - [Tue, 04 Apr 2017 02:32:58 GMT] "GET /javascripts/bootstrap.js HTTP/1.1" 304 - "http://localhost:3000/u/aa" "Mozilla/5.0 (Macintosh; Intel Mac OS X 10.12; rv:52.0) Gecko/20100101 Firefox/52.0"
::1 - - [Tue, 04 Apr 2017 02:32:58 GMT] "GET /img/glyphicons-halflings-white.png HTTP/1.1" 304 - "http://localhost:3000/stylesheets/bootstrap.css" "Mozilla/5.0 (Macintosh; Intel Mac OS X 10.12; rv:52.0) Gecko/20100101 Firefox/52.0"
::1 - - [Tue, 04 Apr 2017 02:33:01 GMT] "POST /post HTTP/1.1" 302 54 "http://localhost:3000/u/aa" "Mozilla/5.0 (Macintosh; Intel Mac OS X 10.12; rv:52.0) Gecko/20100101 Firefox/52.0"
::1 - - [Tue, 04 Apr 2017 02:33:01 GMT] "GET /u/aa HTTP/1.1" 200 3918 "http://localhost:3000/u/aa" "Mozilla/5.0 (Macintosh; Intel Mac OS X 10.12; rv:52.0) Gecko/20100101 Firefox/52.0"
::1 - - [Tue, 04 Apr 2017 02:33:01 GMT] "GET /stylesheets/style.css HTTP/1.1" 304 - "http://localhost:3000/u/aa" "Mozilla/5.0 (Macintosh; Intel Mac OS X 10.12; rv:52.0) Gecko/20100101 Firefox/52.0"
::1 - - [Tue, 04 Apr 2017 02:33:01 GMT] "GET /stylesheets/bootstrap.css HTTP/1.1" 304 - "http://localhost:3000/u/aa" "Mozilla/5.0 (Macintosh; Intel Mac OS X 10.12; rv:52.0) Gecko/20100101 Firefox/52.0"
::1 - - [Tue, 04 Apr 2017 02:33:01 GMT] "GET /javascripts/jquery.js HTTP/1.1" 304 - "http://localhost:3000/u/aa" "Mozilla/5.0 (Macintosh; Intel Mac OS X 10.12; rv:52.0) Gecko/20100101 Firefox/52.0"
::1 - - [Tue, 04 Apr 2017 02:33:01 GMT] "GET /javascripts/bootstrap.js HTTP/1.1" 304 - "http://localhost:3000/u/aa" "Mozilla/5.0 (Macintosh; Intel Mac OS X 10.12; rv:52.0) Gecko/20100101 Firefox/52.0"
::1 - - [Tue, 04 Apr 2017 02:33:01 GMT] "GET /img/glyphicons-halflings-white.png HTTP/1.1" 304 - "http://localhost:3000/stylesheets/bootstrap.css" "Mozilla/5.0 (Macintosh; Intel Mac OS X 10.12; rv:52.0) Gecko/20100101 Firefox/52.0"
